<?xml version="1.0" encoding="UTF-8"?>
<testng-results ignored="0" total="1" passed="1" failed="0" skipped="0">
  <reporter-output>
    <line>
      <![CDATA[No of rows in TCSheet::4  No of rows in TSSheet::10]]>
    </line>
    <line>
      <![CDATA[Login Success::adminflow     http://primusbank.qedgetech.com/adminflow.aspx]]>
    </line>
    <line>
      <![CDATA[Branch updated Sucessfully]]>
    </line>
    <line>
      <![CDATA[Logout sccess]]>
    </line>
  </reporter-output>
  <suite started-at="2023-04-20T12:14:10 IST" name="Surefire suite" finished-at="2023-04-20T12:14:27 IST" duration-ms="16893">
    <groups>
    </groups>
    <test started-at="2023-04-20T12:14:10 IST" name="Surefire test" finished-at="2023-04-20T12:14:27 IST" duration-ms="16893">
      <class name="driverFactory.AppTest">
        <test-method is-config="true" signature="setUp()[pri:0, instance:driverFactory.AppTest@424e1977]" started-at="2023-04-20T12:14:05 IST" name="setUp" finished-at="2023-04-20T12:14:10 IST" duration-ms="5610" status="PASS">
          <reporter-output>
          </reporter-output>
        </test-method> <!-- setUp -->
        <test-method signature="startTest()[pri:0, instance:driverFactory.AppTest@424e1977]" started-at="2023-04-20T12:14:10 IST" name="startTest" finished-at="2023-04-20T12:14:27 IST" duration-ms="16784" status="PASS">
          <reporter-output>
            <line>
              <![CDATA[No of rows in TCSheet::4  No of rows in TSSheet::10]]>
            </line>
            <line>
              <![CDATA[Login Success::adminflow     http://primusbank.qedgetech.com/adminflow.aspx]]>
            </line>
            <line>
              <![CDATA[Branch updated Sucessfully]]>
            </line>
            <line>
              <![CDATA[Logout sccess]]>
            </line>
          </reporter-output>
        </test-method> <!-- startTest -->
        <test-method is-config="true" signature="tearDown()[pri:0, instance:driverFactory.AppTest@424e1977]" started-at="2023-04-20T12:14:27 IST" name="tearDown" finished-at="2023-04-20T12:14:29 IST" duration-ms="1639" status="PASS">
          <reporter-output>
          </reporter-output>
        </test-method> <!-- tearDown -->
      </class> <!-- driverFactory.AppTest -->
    </test> <!-- Surefire test -->
  </suite> <!-- Surefire suite -->
</testng-results>
